Search application started.
file1.txt
file4.txt
file6.dat
file3.dat
file2.doc
file5.doc

Search application started.
file1.txt
file4.txt
file6.dat
file3.dat
file2.doc
file5.doc

the:[0-0, 0-4]
across:[0-3]
squirrel:[0-1]
wire:[0-6]
or:[0-7]
prefer:[0-11]
line:[0-8]
scampers:[0-2]
telephone:[0-5]
if:[0-9]
you:[0-10]

striped:[1-1]
or:[0-7]
prefer:[0-11]
king:[1-11]
line:[0-8, 1-10]
telephone:[0-5, 1-4]
the:[0-0, 0-4, 1-0, 1-9]
gold:[1-3]
across:[0-3]
with:[1-2]
squirrel:[0-1]
wire:[0-6, 1-5]
belongs:[1-6]
scampers:[0-2]
to:[1-7]
larry:[1-8]
if:[0-9]
you:[0-10]

striped:[1-1, 2-7]
or:[0-7]
prefer:[0-11]
king:[1-11]
line:[0-8, 1-10, 2-9]
was:[2-3]
telephone:[0-5, 1-4, 2-8]
the:[0-0, 0-4, 1-0, 1-9, 2-0, 2-6]
gold:[1-3]
confused:[2-1]
across:[0-3]
with:[1-2]
squirrel:[0-1]
wire:[0-6, 1-5]
belongs:[1-6]
chipmunk:[2-2]
by:[2-5]
scampers:[0-2]
baffled:[2-4]
to:[1-7]
larry:[1-8]
if:[0-9]
you:[0-10]

small:[3-5]
prefer:[0-11]
line:[0-8, 1-10, 2-9, 3-13]
gold:[1-3]
confused:[2-1]
across:[0-3, 3-10]
that:[3-8]
not:[3-3]
chipmunk:[2-2, 3-1]
by:[2-5]
scampers:[0-2]
baffled:[2-4]
if:[0-9]
you:[0-10]
striped:[1-1, 2-7, 3-6]
a:[3-0, 3-4, 3-11]
or:[0-7]
king:[1-11]
was:[2-3]
telephone:[0-5, 1-4, 2-8, 3-12]
is:[3-2]
the:[0-0, 0-4, 1-0, 1-9, 2-0, 2-6]
with:[1-2]
squirrel:[0-1, 3-7]
wire:[0-6, 1-5]
belongs:[1-6]
to:[1-7]
larry:[1-8]
runs:[3-9]

small:[3-5]
prefer:[0-11]
line:[0-8, 1-10, 2-9, 3-13, 4-2]
gold:[1-3]
confused:[2-1]
across:[0-3, 3-10]
that:[3-8]
not:[3-3, 4-4]
chipmunk:[2-2, 3-1]
by:[2-5]
scampers:[0-2, 4-5]
baffled:[2-4]
if:[0-9]
you:[0-10]
striped:[1-1, 2-7, 3-6]
a:[3-0, 3-4, 3-11, 4-7]
or:[0-7]
king:[1-11]
like:[4-6]
was:[2-3]
telephone:[0-5, 1-4, 2-8, 3-12, 4-1]
is:[3-2]
the:[0-0, 0-4, 1-0, 1-9, 2-0, 2-6, 4-0]
with:[1-2]
squirrel:[0-1, 3-7, 4-8]
wire:[0-6, 1-5]
belongs:[1-6]
to:[1-7]
larry:[1-8]
runs:[3-9, 4-3]

small:[3-5]
prefer:[0-11]
line:[0-8, 1-10, 2-9, 3-13, 4-2]
gold:[1-3]
confused:[2-1, 5-10]
across:[0-3, 3-10]
that:[3-8]
not:[3-3, 4-4, 5-7]
appreciate:[5-8]
and:[5-5]
does:[5-6]
chipmunk:[2-2, 3-1, 5-13]
by:[2-5]
scampers:[0-2, 4-5]
baffled:[2-4]
if:[0-9]
you:[0-10]
striped:[1-1, 2-7, 3-6]
a:[3-0, 3-4, 3-11, 4-7, 5-0, 5-3, 5-12]
or:[0-7]
king:[1-11]
like:[4-6]
was:[2-3]
telephone:[0-5, 1-4, 2-8, 3-12, 4-1]
is:[3-2, 5-2]
being:[5-9]
the:[0-0, 0-4, 1-0, 1-9, 2-0, 2-6, 4-0]
with:[1-2, 5-11]
squirrel:[0-1, 3-7, 4-8, 5-1, 5-4]
wire:[0-6, 1-5]
belongs:[1-6]
to:[1-7]
larry:[1-8]
runs:[3-9, 4-3]

Search application started.
file1.txt
file4.txt
file6.dat
file3.dat
file2.doc
file5.doc

the:[0-0, 0-4]
across:[0-3]
squirrel:[0-1]
wire:[0-6]
or:[0-7]
prefer:[0-11]
line:[0-8]
scampers:[0-2]
telephone:[0-5]
if:[0-9]
you:[0-10]

striped:[1-1]
or:[0-7]
prefer:[0-11]
king:[1-11]
line:[0-8, 1-10]
telephone:[0-5, 1-4]
the:[0-0, 0-4, 1-0, 1-9]
gold:[1-3]
across:[0-3]
with:[1-2]
squirrel:[0-1]
wire:[0-6, 1-5]
belongs:[1-6]
scampers:[0-2]
to:[1-7]
larry:[1-8]
if:[0-9]
you:[0-10]

striped:[1-1, 2-7]
or:[0-7]
prefer:[0-11]
king:[1-11]
line:[0-8, 1-10, 2-9]
was:[2-3]
telephone:[0-5, 1-4, 2-8]
the:[0-0, 0-4, 1-0, 1-9, 2-0, 2-6]
gold:[1-3]
confused:[2-1]
across:[0-3]
with:[1-2]
squirrel:[0-1]
wire:[0-6, 1-5]
belongs:[1-6]
chipmunk:[2-2]
by:[2-5]
scampers:[0-2]
baffled:[2-4]
to:[1-7]
larry:[1-8]
if:[0-9]
you:[0-10]

small:[3-5]
prefer:[0-11]
line:[0-8, 1-10, 2-9, 3-13]
gold:[1-3]
confused:[2-1]
across:[0-3, 3-10]
that:[3-8]
not:[3-3]
chipmunk:[2-2, 3-1]
by:[2-5]
scampers:[0-2]
baffled:[2-4]
if:[0-9]
you:[0-10]
striped:[1-1, 2-7, 3-6]
a:[3-0, 3-4, 3-11]
or:[0-7]
king:[1-11]
was:[2-3]
telephone:[0-5, 1-4, 2-8, 3-12]
is:[3-2]
the:[0-0, 0-4, 1-0, 1-9, 2-0, 2-6]
with:[1-2]
squirrel:[0-1, 3-7]
wire:[0-6, 1-5]
belongs:[1-6]
to:[1-7]
larry:[1-8]
runs:[3-9]

small:[3-5]
prefer:[0-11]
line:[0-8, 1-10, 2-9, 3-13, 4-2]
gold:[1-3]
confused:[2-1]
across:[0-3, 3-10]
that:[3-8]
not:[3-3, 4-4]
chipmunk:[2-2, 3-1]
by:[2-5]
scampers:[0-2, 4-5]
baffled:[2-4]
if:[0-9]
you:[0-10]
striped:[1-1, 2-7, 3-6]
a:[3-0, 3-4, 3-11, 4-7]
or:[0-7]
king:[1-11]
like:[4-6]
was:[2-3]
telephone:[0-5, 1-4, 2-8, 3-12, 4-1]
is:[3-2]
the:[0-0, 0-4, 1-0, 1-9, 2-0, 2-6, 4-0]
with:[1-2]
squirrel:[0-1, 3-7, 4-8]
wire:[0-6, 1-5]
belongs:[1-6]
to:[1-7]
larry:[1-8]
runs:[3-9, 4-3]

small:[3-5]
prefer:[0-11]
line:[0-8, 1-10, 2-9, 3-13, 4-2]
gold:[1-3]
confused:[2-1, 5-10]
across:[0-3, 3-10]
that:[3-8]
not:[3-3, 4-4, 5-7]
appreciate:[5-8]
and:[5-5]
does:[5-6]
chipmunk:[2-2, 3-1, 5-13]
by:[2-5]
scampers:[0-2, 4-5]
baffled:[2-4]
if:[0-9]
you:[0-10]
striped:[1-1, 2-7, 3-6]
a:[3-0, 3-4, 3-11, 4-7, 5-0, 5-3, 5-12]
or:[0-7]
king:[1-11]
like:[4-6]
was:[2-3]
telephone:[0-5, 1-4, 2-8, 3-12, 4-1]
is:[3-2, 5-2]
being:[5-9]
the:[0-0, 0-4, 1-0, 1-9, 2-0, 2-6, 4-0]
with:[1-2, 5-11]
squirrel:[0-1, 3-7, 4-8, 5-1, 5-4]
wire:[0-6, 1-5]
belongs:[1-6]
to:[1-7]
larry:[1-8]
runs:[3-9, 4-3]

Search application started.
file1.txt
file4.txt
file6.dat
file3.dat
file2.doc
file5.doc

the:[0-0, 0-4]
across:[0-3]
squirrel:[0-1]
wire:[0-6]
or:[0-7]
prefer:[0-11]
line:[0-8]
scampers:[0-2]
telephone:[0-5]
if:[0-9]
you:[0-10]

striped:[1-1]
or:[0-7]
prefer:[0-11]
king:[1-11]
line:[0-8, 1-10]
telephone:[0-5, 1-4]
the:[0-0, 0-4, 1-0, 1-9]
gold:[1-3]
across:[0-3]
with:[1-2]
squirrel:[0-1]
wire:[0-6, 1-5]
belongs:[1-6]
scampers:[0-2]
to:[1-7]
larry:[1-8]
if:[0-9]
you:[0-10]

striped:[1-1, 2-7]
or:[0-7]
prefer:[0-11]
king:[1-11]
line:[0-8, 1-10, 2-9]
was:[2-3]
telephone:[0-5, 1-4, 2-8]
the:[0-0, 0-4, 1-0, 1-9, 2-0, 2-6]
gold:[1-3]
confused:[2-1]
across:[0-3]
with:[1-2]
squirrel:[0-1]
wire:[0-6, 1-5]
belongs:[1-6]
chipmunk:[2-2]
by:[2-5]
scampers:[0-2]
baffled:[2-4]
to:[1-7]
larry:[1-8]
if:[0-9]
you:[0-10]

small:[3-5]
prefer:[0-11]
line:[0-8, 1-10, 2-9, 3-13]
gold:[1-3]
confused:[2-1]
across:[0-3, 3-10]
that:[3-8]
not:[3-3]
chipmunk:[2-2, 3-1]
by:[2-5]
scampers:[0-2]
baffled:[2-4]
if:[0-9]
you:[0-10]
striped:[1-1, 2-7, 3-6]
a:[3-0, 3-4, 3-11]
or:[0-7]
king:[1-11]
was:[2-3]
telephone:[0-5, 1-4, 2-8, 3-12]
is:[3-2]
the:[0-0, 0-4, 1-0, 1-9, 2-0, 2-6]
with:[1-2]
squirrel:[0-1, 3-7]
wire:[0-6, 1-5]
belongs:[1-6]
to:[1-7]
larry:[1-8]
runs:[3-9]

small:[3-5]
prefer:[0-11]
line:[0-8, 1-10, 2-9, 3-13, 4-2]
gold:[1-3]
confused:[2-1]
across:[0-3, 3-10]
that:[3-8]
not:[3-3, 4-4]
chipmunk:[2-2, 3-1]
by:[2-5]
scampers:[0-2, 4-5]
baffled:[2-4]
if:[0-9]
you:[0-10]
striped:[1-1, 2-7, 3-6]
a:[3-0, 3-4, 3-11, 4-7]
or:[0-7]
king:[1-11]
like:[4-6]
was:[2-3]
telephone:[0-5, 1-4, 2-8, 3-12, 4-1]
is:[3-2]
the:[0-0, 0-4, 1-0, 1-9, 2-0, 2-6, 4-0]
with:[1-2]
squirrel:[0-1, 3-7, 4-8]
wire:[0-6, 1-5]
belongs:[1-6]
to:[1-7]
larry:[1-8]
runs:[3-9, 4-3]

small:[3-5]
prefer:[0-11]
line:[0-8, 1-10, 2-9, 3-13, 4-2]
gold:[1-3]
confused:[2-1, 5-10]
across:[0-3, 3-10]
that:[3-8]
not:[3-3, 4-4, 5-7]
appreciate:[5-8]
and:[5-5]
does:[5-6]
chipmunk:[2-2, 3-1, 5-13]
by:[2-5]
scampers:[0-2, 4-5]
baffled:[2-4]
if:[0-9]
you:[0-10]
striped:[1-1, 2-7, 3-6]
a:[3-0, 3-4, 3-11, 4-7, 5-0, 5-3, 5-12]
or:[0-7]
king:[1-11]
like:[4-6]
was:[2-3]
telephone:[0-5, 1-4, 2-8, 3-12, 4-1]
is:[3-2, 5-2]
being:[5-9]
the:[0-0, 0-4, 1-0, 1-9, 2-0, 2-6, 4-0]
with:[1-2, 5-11]
squirrel:[0-1, 3-7, 4-8, 5-1, 5-4]
wire:[0-6, 1-5]
belongs:[1-6]
to:[1-7]
larry:[1-8]
runs:[3-9, 4-3]

